INFO:  latexindent version 3.17.2, 2022-04-14, a script to indent .tex files
       latexindent lives here: /usr/share/texmf-dist/scripts/latexindent/
       Wed Jul 20 12:28:43 2022
       Filename: 1.2/static_and_dynamic_arrays.ltx
INFO:  Processing switches:
       -w|--overwrite: Overwrite mode active, will make a back up before overwriting
INFO:  Directory for backup files and indent.log:
       1.2
INFO:  YAML settings read: defaultSettings.yaml
       Reading defaultSettings.yaml from /usr/share/texmf-dist/scripts/latexindent/defaultSettings.yaml
INFO:  YAML settings read: indentconfig.yaml or .indentconfig.yaml
       Home directory is /home/garrett (didn't find either indentconfig.yaml or .indentconfig.yaml)
       To specify user settings you would put indentconfig.yaml here: /home/garrett/indentconfig.yaml
       Alternatively, you can use the hidden file .indentconfig.yaml as: /home/garrett/.indentconfig.yaml
INFO:  Backup procedure (-w flag active):
       copying 1.2/static_and_dynamic_arrays.ltx to 1.2/static_and_dynamic_arrays.ltx.bak0
       Backup file: 1.2/static_and_dynamic_arrays.ltx.bak0
       1.2/static_and_dynamic_arrays.ltx will be overwritten after indentation
INFO:  Phase 1: searching for objects
INFO:  Phase 2: finding surrounding indentation
INFO:  Phase 3: indenting objects
INFO:  Phase 4: final indentation check
INFO:  Output routine:
       Overwriting file 1.2/static_and_dynamic_arrays.ltx
       --------------
INFO:  Please direct all communication/issues to:
        https://github.com/cmhughes/latexindent.pl
