INFO:  latexindent version 3.17.2, 2022-04-14, a script to indent .tex files
       latexindent lives here: /usr/share/texmf-dist/scripts/latexindent/
       Wed Jul 20 12:27:16 2022
       Filename: 1.2/
INFO:  Processing switches:
INFO:  Directory for backup files and indent.log:
       .
INFO:  YAML settings read: defaultSettings.yaml
       Reading defaultSettings.yaml from /usr/share/texmf-dist/scripts/latexindent/defaultSettings.yaml
INFO:  YAML settings read: indentconfig.yaml or .indentconfig.yaml
       Home directory is /home/garrett (didn't find either indentconfig.yaml or .indentconfig.yaml)
       To specify user settings you would put indentconfig.yaml here: /home/garrett/indentconfig.yaml
       Alternatively, you can use the hidden file .indentconfig.yaml as: /home/garrett/.indentconfig.yaml
INFO:  File extension work:
       latexindent called to act upon 1.2/ without a file extension;
       searching for files in the following order (see fileExtensionPreference):
       1.2/.tex
       1.2/.sty
       1.2/.cls
       1.2/.bib
FATAL I couldn't find a match for 1.2/ in fileExtensionPreference (see defaultSettings.yaml)
      I searched for 1.2/.tex
      I searched for 1.2/.sty
      I searched for 1.2/.cls
      I searched for 1.2/.bib
      but couldn't find any of them.
      Consider updating fileExtensionPreference.
FATAL Exiting, no indendation done.
       --------------
INFO:  Please direct all communication/issues to:
        https://github.com/cmhughes/latexindent.pl
